<?xml version="1.0" encoding="UTF-8"?>
<!-- Generated by org.testng.reporters.JUnitXMLReporter -->
<testsuite hostname="DESKTOP-PICR38M" ignored="2" name="Surefire test" tests="6" failures="0" timestamp="2022-04-29T12:44:47 EDT" time="0.394" errors="0">
  <testcase name="Task4" time="0.063" classname="com.ua.learning.project.automation.implementation.submit_registration.SubmitRegistrationTest"/>
  <testcase name="callMenus" time="0.009" classname="com.ua.learning.project.automation.implementation.submit_registration.SubmitRegistrationTest"/>
  <testcase name="getRegister" time="0.004" classname="com.ua.learning.project.automation.implementation.submit_registration.SubmitRegistrationTest"/>
  <testcase name="loginSystem" time="0.006" classname="com.ua.learning.project.automation.implementation.submit_registration.SubmitRegistrationTest"/>
  <testcase name="task5" time="0.007" classname="com.ua.learning.project.automation.implementation.submit_registration.SubmitRegistrationTest"/>
  <testcase name="task6" time="0.002" classname="com.ua.learning.project.automation.implementation.submit_registration.SubmitRegistrationTest"/>
  <testcase name="@BeforeTest init" time="0.0" classname="com.ua.learning.project.automation.BaseTest">
    <ignored/>
  </testcase> <!-- @BeforeTest init -->
  <testcase name="@AfterTest destroy" time="0.0" classname="com.ua.learning.project.automation.BaseTest">
    <ignored/>
  </testcase> <!-- @AfterTest destroy -->
</testsuite> <!-- Surefire test -->
